mode: set
gopr/main.go:10.12,18.2 7 0
gopr/config/config.go:8.46,14.16 6 0
gopr/config/config.go:14.16,16.3 1 0
gopr/config/config.go:17.2,17.15 1 0
gopr/repositories/resultsRepository.go:14.65,18.2 1 0
gopr/repositories/resultsRepository.go:20.65,29.16 3 0
gopr/repositories/resultsRepository.go:29.16,34.3 1 0
gopr/repositories/resultsRepository.go:35.2,37.18 3 0
gopr/repositories/resultsRepository.go:37.18,39.17 2 0
gopr/repositories/resultsRepository.go:39.17,44.4 1 0
gopr/repositories/resultsRepository.go:46.2,46.23 1 0
gopr/repositories/resultsRepository.go:46.23,51.3 1 0
gopr/repositories/resultsRepository.go:53.2,60.8 1 0
gopr/repositories/resultsRepository.go:64.59,70.16 3 0
gopr/repositories/resultsRepository.go:70.16,75.3 1 0
gopr/repositories/resultsRepository.go:76.2,79.18 4 0
gopr/repositories/resultsRepository.go:79.18,81.17 2 0
gopr/repositories/resultsRepository.go:81.17,86.4 1 0
gopr/repositories/resultsRepository.go:93.2,98.8 1 0
gopr/repositories/resultsRepository.go:102.25,108.16 3 0
gopr/repositories/resultsRepository.go:108.16,114.3 1 0
gopr/repositories/resultsRepository.go:115.2,120.18 5 0
gopr/repositories/resultsRepository.go:120.18,123.17 2 0
gopr/repositories/resultsRepository.go:123.17,129.4 1 0
gopr/repositories/resultsRepository.go:131.3,141.36 2 0
gopr/repositories/resultsRepository.go:143.2,143.23 1 0
gopr/repositories/resultsRepository.go:143.23,149.3 1 0
gopr/repositories/resultsRepository.go:150.2,150.21 1 0
gopr/repositories/resultsRepository.go:153.51,160.16 3 0
gopr/repositories/resultsRepository.go:160.16,166.3 1 0
gopr/repositories/resultsRepository.go:167.2,169.18 3 0
gopr/repositories/resultsRepository.go:169.18,171.17 2 0
gopr/repositories/resultsRepository.go:171.17,177.4 1 0
gopr/repositories/resultsRepository.go:185.2,185.24 1 0
gopr/repositories/resultsRepository.go:189.25,195.16 3 0
gopr/repositories/resultsRepository.go:195.16,202.3 1 0
gopr/repositories/resultsRepository.go:203.2,205.18 3 0
gopr/repositories/resultsRepository.go:205.18,207.17 2 0
gopr/repositories/resultsRepository.go:207.17,213.4 1 0
gopr/repositories/resultsRepository.go:215.2,215.23 1 0
gopr/repositories/resultsRepository.go:215.23,221.3 1 0
gopr/repositories/resultsRepository.go:222.2,222.24 1 0
gopr/repositories/runnersRepository.go:15.65,19.2 1 0
gopr/repositories/runnersRepository.go:21.105,24.16 3 0
gopr/repositories/runnersRepository.go:24.16,29.3 1 0
gopr/repositories/runnersRepository.go:32.2,34.18 3 0
gopr/repositories/runnersRepository.go:34.18,36.17 2 0
gopr/repositories/runnersRepository.go:36.17,41.4 1 0
gopr/repositories/runnersRepository.go:44.2,44.23 1 0
gopr/repositories/runnersRepository.go:44.23,49.3 1 0
gopr/repositories/runnersRepository.go:51.2,58.8 1 0
gopr/repositories/runnersRepository.go:62.87,71.16 3 0
gopr/repositories/runnersRepository.go:71.16,76.3 1 0
gopr/repositories/runnersRepository.go:78.2,79.16 2 0
gopr/repositories/runnersRepository.go:79.16,84.3 1 0
gopr/repositories/runnersRepository.go:86.2,86.23 1 0
gopr/repositories/runnersRepository.go:86.23,91.3 1 0
gopr/repositories/runnersRepository.go:92.2,92.12 1 0
gopr/repositories/runnersRepository.go:95.94,97.2 1 0
gopr/repositories/runnersRepository.go:99.81,105.16 3 0
gopr/repositories/runnersRepository.go:105.16,110.3 1 0
gopr/repositories/runnersRepository.go:112.2,113.16 2 0
gopr/repositories/runnersRepository.go:113.16,118.3 1 0
gopr/repositories/runnersRepository.go:119.2,119.23 1 0
gopr/repositories/runnersRepository.go:119.23,124.3 1 0
gopr/repositories/runnersRepository.go:125.2,125.12 1 0
gopr/repositories/runnersRepository.go:128.96,135.16 3 0
gopr/repositories/runnersRepository.go:135.16,140.3 1 0
gopr/repositories/runnersRepository.go:141.2,146.18 6 0
gopr/repositories/runnersRepository.go:146.18,148.17 2 0
gopr/repositories/runnersRepository.go:148.17,153.4 1 0
gopr/repositories/runnersRepository.go:156.2,156.23 1 0
gopr/repositories/runnersRepository.go:156.23,161.3 1 0
gopr/repositories/runnersRepository.go:163.2,172.8 1 0
gopr/repositories/runnersRepository.go:175.87,178.16 3 0
gopr/repositories/runnersRepository.go:178.16,183.3 1 0
gopr/repositories/runnersRepository.go:185.2,193.18 7 0
gopr/repositories/runnersRepository.go:193.18,195.17 2 0
gopr/repositories/runnersRepository.go:195.17,200.4 1 0
gopr/repositories/runnersRepository.go:201.3,210.5 1 0
gopr/repositories/runnersRepository.go:213.2,213.23 1 0
gopr/repositories/runnersRepository.go:213.23,218.3 1 0
gopr/repositories/runnersRepository.go:220.2,220.21 1 0
gopr/repositories/runnersRepository.go:224.107,227.16 3 0
gopr/repositories/runnersRepository.go:227.16,232.3 1 0
gopr/repositories/runnersRepository.go:234.2,242.18 7 0
gopr/repositories/runnersRepository.go:242.18,244.17 2 0
gopr/repositories/runnersRepository.go:244.17,249.4 1 0
gopr/repositories/runnersRepository.go:250.3,259.5 1 0
gopr/repositories/runnersRepository.go:262.2,262.23 1 0
gopr/repositories/runnersRepository.go:262.23,267.3 1 0
gopr/repositories/runnersRepository.go:269.2,269.21 1 0
gopr/repositories/runnersRepository.go:272.98,288.16 3 0
gopr/repositories/runnersRepository.go:288.16,293.3 1 0
gopr/repositories/runnersRepository.go:295.2,303.18 7 0
gopr/repositories/runnersRepository.go:303.18,305.17 2 0
gopr/repositories/runnersRepository.go:305.17,310.4 1 0
gopr/repositories/runnersRepository.go:311.3,320.5 1 0
gopr/repositories/runnersRepository.go:323.2,323.23 1 0
gopr/repositories/runnersRepository.go:323.23,328.3 1 0
gopr/repositories/runnersRepository.go:330.2,330.21 1 0
gopr/repositories/transactionHandler.go:8.104,11.16 3 0
gopr/repositories/transactionHandler.go:11.16,13.3 1 0
gopr/repositories/transactionHandler.go:14.2,16.12 3 0
gopr/repositories/transactionHandler.go:19.106,24.5 4 0
gopr/repositories/transactionHandler.go:26.108,33.2 4 0
gopr/server/dbServer.go:11.48,17.28 6 0
gopr/server/dbServer.go:17.28,19.3 1 0
gopr/server/dbServer.go:20.2,21.16 2 0
gopr/server/dbServer.go:21.16,23.3 1 0
gopr/server/dbServer.go:24.2,25.16 2 0
gopr/server/dbServer.go:25.16,27.3 1 0
gopr/server/dbServer.go:29.2,30.16 2 0
gopr/server/dbServer.go:30.16,32.3 1 0
gopr/server/dbServer.go:34.2,35.16 2 0
gopr/server/dbServer.go:35.16,37.3 1 0
gopr/server/dbServer.go:39.2,44.16 5 0
gopr/server/dbServer.go:44.16,47.3 2 0
gopr/server/dbServer.go:48.2,48.18 1 0
gopr/server/httpServer.go:21.72,48.2 15 0
gopr/server/httpServer.go:51.30,54.16 2 0
gopr/server/httpServer.go:54.16,56.3 1 0
gopr/main.go:10.12,18.2 7 0
gopr/config/config.go:8.46,14.16 6 0
gopr/config/config.go:14.16,16.3 1 0
gopr/config/config.go:17.2,17.15 1 0
gopr/controllers/resultsController.go:15.38,19.4 1 0
gopr/controllers/resultsController.go:20.60,22.16 2 0
gopr/controllers/resultsController.go:22.16,26.9 3 0
gopr/controllers/resultsController.go:27.2,29.16 3 0
gopr/controllers/resultsController.go:29.16,34.9 3 0
gopr/controllers/resultsController.go:35.2,37.24 2 0
gopr/controllers/resultsController.go:37.24,40.2 2 0
gopr/controllers/resultsController.go:41.2,41.35 1 0
gopr/controllers/resultsController.go:43.60,46.24 3 0
gopr/controllers/resultsController.go:46.24,48.9 2 0
gopr/controllers/resultsController.go:49.2,49.34 1 0
gopr/controllers/runnersController.go:19.87,23.2 1 1
gopr/controllers/runnersController.go:25.60,27.16 2 0
gopr/controllers/runnersController.go:27.16,31.3 3 0
gopr/controllers/runnersController.go:33.2,35.16 3 0
gopr/controllers/runnersController.go:35.16,39.3 3 0
gopr/controllers/runnersController.go:40.2,41.24 2 0
gopr/controllers/runnersController.go:41.24,45.3 3 0
gopr/controllers/runnersController.go:46.2,46.35 1 0
gopr/controllers/runnersController.go:50.60,52.16 2 0
gopr/controllers/runnersController.go:52.16,56.3 3 0
gopr/controllers/runnersController.go:57.2,59.16 3 0
gopr/controllers/runnersController.go:59.16,63.3 3 0
gopr/controllers/runnersController.go:64.2,65.24 2 0
gopr/controllers/runnersController.go:65.24,68.3 2 0
gopr/controllers/runnersController.go:69.2,69.34 1 0
gopr/controllers/runnersController.go:73.60,76.24 3 0
gopr/controllers/runnersController.go:76.24,79.3 2 0
gopr/controllers/runnersController.go:80.2,80.34 1 0
gopr/controllers/runnersController.go:83.57,87.24 4 0
gopr/controllers/runnersController.go:87.24,91.3 3 0
gopr/controllers/runnersController.go:92.2,92.35 1 0
gopr/controllers/runnersController.go:95.63,100.24 5 1
gopr/controllers/runnersController.go:100.24,103.3 2 0
gopr/controllers/runnersController.go:104.2,104.35 1 1
gopr/repositories/resultsRepository.go:14.65,18.2 1 0
gopr/repositories/resultsRepository.go:20.65,29.16 3 0
gopr/repositories/resultsRepository.go:29.16,34.3 1 0
gopr/repositories/resultsRepository.go:35.2,37.18 3 0
gopr/repositories/resultsRepository.go:37.18,39.17 2 0
gopr/repositories/resultsRepository.go:39.17,44.4 1 0
gopr/repositories/resultsRepository.go:46.2,46.23 1 0
gopr/repositories/resultsRepository.go:46.23,51.3 1 0
gopr/repositories/resultsRepository.go:53.2,60.8 1 0
gopr/repositories/resultsRepository.go:64.59,70.16 3 0
gopr/repositories/resultsRepository.go:70.16,75.3 1 0
gopr/repositories/resultsRepository.go:76.2,79.18 4 0
gopr/repositories/resultsRepository.go:79.18,81.17 2 0
gopr/repositories/resultsRepository.go:81.17,86.4 1 0
gopr/repositories/resultsRepository.go:93.2,98.8 1 0
gopr/repositories/resultsRepository.go:102.25,108.16 3 0
gopr/repositories/resultsRepository.go:108.16,114.3 1 0
gopr/repositories/resultsRepository.go:115.2,120.18 5 0
gopr/repositories/resultsRepository.go:120.18,123.17 2 0
gopr/repositories/resultsRepository.go:123.17,129.4 1 0
gopr/repositories/resultsRepository.go:131.3,141.36 2 0
gopr/repositories/resultsRepository.go:143.2,143.23 1 0
gopr/repositories/resultsRepository.go:143.23,149.3 1 0
gopr/repositories/resultsRepository.go:150.2,150.21 1 0
gopr/repositories/resultsRepository.go:153.51,160.16 3 0
gopr/repositories/resultsRepository.go:160.16,166.3 1 0
gopr/repositories/resultsRepository.go:167.2,169.18 3 0
gopr/repositories/resultsRepository.go:169.18,171.17 2 0
gopr/repositories/resultsRepository.go:171.17,177.4 1 0
gopr/repositories/resultsRepository.go:185.2,185.24 1 0
gopr/repositories/resultsRepository.go:189.25,195.16 3 0
gopr/repositories/resultsRepository.go:195.16,202.3 1 0
gopr/repositories/resultsRepository.go:203.2,205.18 3 0
gopr/repositories/resultsRepository.go:205.18,207.17 2 0
gopr/repositories/resultsRepository.go:207.17,213.4 1 0
gopr/repositories/resultsRepository.go:215.2,215.23 1 0
gopr/repositories/resultsRepository.go:215.23,221.3 1 0
gopr/repositories/resultsRepository.go:222.2,222.24 1 0
gopr/repositories/runnersRepository.go:15.65,19.2 1 1
gopr/repositories/runnersRepository.go:21.105,24.16 3 0
gopr/repositories/runnersRepository.go:24.16,29.3 1 0
gopr/repositories/runnersRepository.go:32.2,34.18 3 0
gopr/repositories/runnersRepository.go:34.18,36.17 2 0
gopr/repositories/runnersRepository.go:36.17,41.4 1 0
gopr/repositories/runnersRepository.go:44.2,44.23 1 0
gopr/repositories/runnersRepository.go:44.23,49.3 1 0
gopr/repositories/runnersRepository.go:51.2,58.8 1 0
gopr/repositories/runnersRepository.go:62.87,71.16 3 0
gopr/repositories/runnersRepository.go:71.16,76.3 1 0
gopr/repositories/runnersRepository.go:78.2,79.16 2 0
gopr/repositories/runnersRepository.go:79.16,84.3 1 0
gopr/repositories/runnersRepository.go:86.2,86.23 1 0
gopr/repositories/runnersRepository.go:86.23,91.3 1 0
gopr/repositories/runnersRepository.go:92.2,92.12 1 0
gopr/repositories/runnersRepository.go:95.94,97.2 1 0
gopr/repositories/runnersRepository.go:99.81,105.16 3 0
gopr/repositories/runnersRepository.go:105.16,110.3 1 0
gopr/repositories/runnersRepository.go:112.2,113.16 2 0
gopr/repositories/runnersRepository.go:113.16,118.3 1 0
gopr/repositories/runnersRepository.go:119.2,119.23 1 0
gopr/repositories/runnersRepository.go:119.23,124.3 1 0
gopr/repositories/runnersRepository.go:125.2,125.12 1 0
gopr/repositories/runnersRepository.go:128.96,135.16 3 0
gopr/repositories/runnersRepository.go:135.16,140.3 1 0
gopr/repositories/runnersRepository.go:141.2,146.18 6 0
gopr/repositories/runnersRepository.go:146.18,148.17 2 0
gopr/repositories/runnersRepository.go:148.17,153.4 1 0
gopr/repositories/runnersRepository.go:156.2,156.23 1 0
gopr/repositories/runnersRepository.go:156.23,161.3 1 0
gopr/repositories/runnersRepository.go:163.2,172.8 1 0
gopr/repositories/runnersRepository.go:175.87,178.16 3 1
gopr/repositories/runnersRepository.go:178.16,183.3 1 0
gopr/repositories/runnersRepository.go:185.2,193.18 7 1
gopr/repositories/runnersRepository.go:193.18,195.17 2 1
gopr/repositories/runnersRepository.go:195.17,200.4 1 0
gopr/repositories/runnersRepository.go:201.3,210.5 1 1
gopr/repositories/runnersRepository.go:213.2,213.23 1 1
gopr/repositories/runnersRepository.go:213.23,218.3 1 0
gopr/repositories/runnersRepository.go:220.2,220.21 1 1
gopr/repositories/runnersRepository.go:224.107,227.16 3 0
gopr/repositories/runnersRepository.go:227.16,232.3 1 0
gopr/repositories/runnersRepository.go:234.2,242.18 7 0
gopr/repositories/runnersRepository.go:242.18,244.17 2 0
gopr/repositories/runnersRepository.go:244.17,249.4 1 0
gopr/repositories/runnersRepository.go:250.3,259.5 1 0
gopr/repositories/runnersRepository.go:262.2,262.23 1 0
gopr/repositories/runnersRepository.go:262.23,267.3 1 0
gopr/repositories/runnersRepository.go:269.2,269.21 1 0
gopr/repositories/runnersRepository.go:272.98,288.16 3 0
gopr/repositories/runnersRepository.go:288.16,293.3 1 0
gopr/repositories/runnersRepository.go:295.2,303.18 7 0
gopr/repositories/runnersRepository.go:303.18,305.17 2 0
gopr/repositories/runnersRepository.go:305.17,310.4 1 0
gopr/repositories/runnersRepository.go:311.3,320.5 1 0
gopr/repositories/runnersRepository.go:323.2,323.23 1 0
gopr/repositories/runnersRepository.go:323.23,328.3 1 0
gopr/repositories/runnersRepository.go:330.2,330.21 1 0
gopr/repositories/transactionHandler.go:8.104,11.16 3 0
gopr/repositories/transactionHandler.go:11.16,13.3 1 0
gopr/repositories/transactionHandler.go:14.2,16.12 3 0
gopr/repositories/transactionHandler.go:19.106,24.5 4 0
gopr/repositories/transactionHandler.go:26.108,33.2 4 0
gopr/server/dbServer.go:11.48,17.28 6 0
gopr/server/dbServer.go:17.28,19.3 1 0
gopr/server/dbServer.go:20.2,21.16 2 0
gopr/server/dbServer.go:21.16,23.3 1 0
gopr/server/dbServer.go:24.2,25.16 2 0
gopr/server/dbServer.go:25.16,27.3 1 0
gopr/server/dbServer.go:29.2,30.16 2 0
gopr/server/dbServer.go:30.16,32.3 1 0
gopr/server/dbServer.go:34.2,35.16 2 0
gopr/server/dbServer.go:35.16,37.3 1 0
gopr/server/dbServer.go:39.2,44.16 5 0
gopr/server/dbServer.go:44.16,47.3 2 0
gopr/server/dbServer.go:48.2,48.18 1 0
gopr/server/httpServer.go:21.72,48.2 15 0
gopr/server/httpServer.go:51.30,54.16 2 0
gopr/server/httpServer.go:54.16,56.3 1 0
gopr/services/resultsServices.go:18.69,23.2 1 0
gopr/services/resultsServices.go:25.102,26.27 1 0
gopr/services/resultsServices.go:26.27,31.3 1 0
gopr/services/resultsServices.go:32.2,32.29 1 0
gopr/services/resultsServices.go:32.29,37.3 1 0
gopr/services/resultsServices.go:38.2,38.27 1 0
gopr/services/resultsServices.go:38.27,43.3 1 0
gopr/services/resultsServices.go:44.2,44.25 1 0
gopr/services/resultsServices.go:44.25,49.3 1 0
gopr/services/resultsServices.go:50.2,50.22 1 0
gopr/services/resultsServices.go:50.22,55.3 1 0
gopr/services/resultsServices.go:56.2,56.56 1 0
gopr/services/resultsServices.go:56.56,61.3 1 0
gopr/services/resultsServices.go:63.2,64.16 2 0
gopr/services/resultsServices.go:64.16,69.3 1 0
gopr/services/resultsServices.go:71.2,72.26 2 0
gopr/services/resultsServices.go:72.26,74.3 1 0
gopr/services/resultsServices.go:76.2,77.26 2 0
gopr/services/resultsServices.go:77.26,79.3 1 0
gopr/services/resultsServices.go:80.2,80.19 1 0
gopr/services/resultsServices.go:80.19,85.3 1 0
gopr/services/resultsServices.go:88.2,88.31 1 0
gopr/services/resultsServices.go:88.31,90.3 1 0
gopr/services/resultsServices.go:90.8,92.17 2 0
gopr/services/resultsServices.go:92.17,97.4 1 0
gopr/services/resultsServices.go:98.3,98.32 1 0
gopr/services/resultsServices.go:98.32,100.4 1 0
gopr/services/resultsServices.go:104.2,104.29 1 0
gopr/services/resultsServices.go:104.29,106.3 1 0
gopr/services/resultsServices.go:106.8,108.17 2 0
gopr/services/resultsServices.go:108.17,113.4 1 0
gopr/services/resultsServices.go:114.3,114.30 1 0
gopr/services/resultsServices.go:114.30,116.4 1 0
gopr/services/resultsServices.go:119.2,120.16 2 0
gopr/services/resultsServices.go:120.16,122.3 1 0
gopr/services/resultsServices.go:123.2,123.22 1 0
gopr/services/resultsServices.go:126.78,127.20 1 0
gopr/services/resultsServices.go:127.20,132.3 1 0
gopr/services/resultsServices.go:134.2,135.16 2 0
gopr/services/resultsServices.go:135.16,140.3 1 0
gopr/services/resultsServices.go:142.2,143.24 2 0
gopr/services/resultsServices.go:143.24,145.3 1 0
gopr/services/resultsServices.go:147.2,148.24 2 0
gopr/services/resultsServices.go:148.24,151.3 2 0
gopr/services/resultsServices.go:153.2,153.46 1 0
gopr/services/resultsServices.go:153.46,155.25 2 0
gopr/services/resultsServices.go:155.25,158.4 2 0
gopr/services/resultsServices.go:159.3,159.37 1 0
gopr/services/resultsServices.go:162.2,162.80 1 0
gopr/services/resultsServices.go:162.80,164.25 2 0
gopr/services/resultsServices.go:164.25,167.4 2 0
gopr/services/resultsServices.go:168.3,168.33 1 0
gopr/services/resultsServices.go:171.2,172.24 2 0
gopr/services/resultsServices.go:172.24,175.3 2 0
gopr/services/resultsServices.go:176.2,177.12 2 0
gopr/services/resultsServices.go:181.64,183.2 1 0
gopr/services/runnersService.go:21.69,26.2 1 1
gopr/services/runnersService.go:28.102,30.24 2 0
gopr/services/runnersService.go:30.24,33.3 1 0
gopr/services/runnersService.go:34.2,34.50 1 0
gopr/services/runnersService.go:37.84,39.24 2 0
gopr/services/runnersService.go:39.24,41.3 1 0
gopr/services/runnersService.go:42.2,43.24 2 0
gopr/services/runnersService.go:43.24,45.3 1 0
gopr/services/runnersService.go:46.2,46.50 1 0
gopr/services/runnersService.go:49.78,51.24 2 0
gopr/services/runnersService.go:51.24,53.3 1 0
gopr/services/runnersService.go:54.2,54.52 1 0
gopr/services/runnersService.go:57.93,59.24 2 0
gopr/services/runnersService.go:59.24,61.3 1 0
gopr/services/runnersService.go:62.2,63.24 2 0
gopr/services/runnersService.go:63.24,65.3 1 0
gopr/services/runnersService.go:66.2,67.24 2 0
gopr/services/runnersService.go:67.24,69.3 1 0
gopr/services/runnersService.go:70.2,71.20 2 0
gopr/services/runnersService.go:75.113,76.33 1 1
gopr/services/runnersService.go:76.33,82.3 1 0
gopr/services/runnersService.go:83.2,83.19 1 1
gopr/services/runnersService.go:83.19,85.3 1 0
gopr/services/runnersService.go:86.2,86.16 1 1
gopr/services/runnersService.go:86.16,88.17 2 0
gopr/services/runnersService.go:88.17,93.4 1 0
gopr/services/runnersService.go:95.3,95.49 1 0
gopr/services/runnersService.go:95.49,100.4 1 0
gopr/services/runnersService.go:102.3,102.56 1 0
gopr/services/runnersService.go:104.2,104.45 1 1
gopr/services/runnersService.go:107.66,108.28 1 0
gopr/services/runnersService.go:108.28,113.3 1 0
gopr/services/runnersService.go:115.2,115.27 1 0
gopr/services/runnersService.go:115.27,120.3 1 0
gopr/services/runnersService.go:122.2,122.41 1 0
gopr/services/runnersService.go:122.41,127.3 1 0
gopr/services/runnersService.go:128.2,128.12 1 0
gopr/services/runnersService.go:131.62,132.20 1 0
gopr/services/runnersService.go:132.20,137.3 1 0
gopr/services/runnersService.go:138.2,138.12 1 0
gopr/main.go:10.12,18.2 7 0
gopr/config/config.go:8.46,14.16 6 0
gopr/config/config.go:14.16,16.3 1 0
gopr/config/config.go:17.2,17.15 1 0
gopr/controllers/resultsController.go:15.38,19.4 1 0
gopr/controllers/resultsController.go:20.60,22.16 2 0
gopr/controllers/resultsController.go:22.16,26.9 3 0
gopr/controllers/resultsController.go:27.2,29.16 3 0
gopr/controllers/resultsController.go:29.16,34.9 3 0
gopr/controllers/resultsController.go:35.2,37.24 2 0
gopr/controllers/resultsController.go:37.24,40.2 2 0
gopr/controllers/resultsController.go:41.2,41.35 1 0
gopr/controllers/resultsController.go:43.60,46.24 3 0
gopr/controllers/resultsController.go:46.24,48.9 2 0
gopr/controllers/resultsController.go:49.2,49.34 1 0
gopr/controllers/runnersController.go:19.87,23.2 1 0
gopr/controllers/runnersController.go:25.60,27.16 2 0
gopr/controllers/runnersController.go:27.16,31.3 3 0
gopr/controllers/runnersController.go:33.2,35.16 3 0
gopr/controllers/runnersController.go:35.16,39.3 3 0
gopr/controllers/runnersController.go:40.2,41.24 2 0
gopr/controllers/runnersController.go:41.24,45.3 3 0
gopr/controllers/runnersController.go:46.2,46.35 1 0
gopr/controllers/runnersController.go:50.60,52.16 2 0
gopr/controllers/runnersController.go:52.16,56.3 3 0
gopr/controllers/runnersController.go:57.2,59.16 3 0
gopr/controllers/runnersController.go:59.16,63.3 3 0
gopr/controllers/runnersController.go:64.2,65.24 2 0
gopr/controllers/runnersController.go:65.24,68.3 2 0
gopr/controllers/runnersController.go:69.2,69.34 1 0
gopr/controllers/runnersController.go:73.60,76.24 3 0
gopr/controllers/runnersController.go:76.24,79.3 2 0
gopr/controllers/runnersController.go:80.2,80.34 1 0
gopr/controllers/runnersController.go:83.57,87.24 4 0
gopr/controllers/runnersController.go:87.24,91.3 3 0
gopr/controllers/runnersController.go:92.2,92.35 1 0
gopr/controllers/runnersController.go:95.63,100.24 5 0
gopr/controllers/runnersController.go:100.24,103.3 2 0
gopr/controllers/runnersController.go:104.2,104.35 1 0
gopr/repositories/resultsRepository.go:14.65,18.2 1 0
gopr/repositories/resultsRepository.go:20.65,29.16 3 0
gopr/repositories/resultsRepository.go:29.16,34.3 1 0
gopr/repositories/resultsRepository.go:35.2,37.18 3 0
gopr/repositories/resultsRepository.go:37.18,39.17 2 0
gopr/repositories/resultsRepository.go:39.17,44.4 1 0
gopr/repositories/resultsRepository.go:46.2,46.23 1 0
gopr/repositories/resultsRepository.go:46.23,51.3 1 0
gopr/repositories/resultsRepository.go:53.2,60.8 1 0
gopr/repositories/resultsRepository.go:64.59,70.16 3 0
gopr/repositories/resultsRepository.go:70.16,75.3 1 0
gopr/repositories/resultsRepository.go:76.2,79.18 4 0
gopr/repositories/resultsRepository.go:79.18,81.17 2 0
gopr/repositories/resultsRepository.go:81.17,86.4 1 0
gopr/repositories/resultsRepository.go:93.2,98.8 1 0
gopr/repositories/resultsRepository.go:102.25,108.16 3 0
gopr/repositories/resultsRepository.go:108.16,114.3 1 0
gopr/repositories/resultsRepository.go:115.2,120.18 5 0
gopr/repositories/resultsRepository.go:120.18,123.17 2 0
gopr/repositories/resultsRepository.go:123.17,129.4 1 0
gopr/repositories/resultsRepository.go:131.3,141.36 2 0
gopr/repositories/resultsRepository.go:143.2,143.23 1 0
gopr/repositories/resultsRepository.go:143.23,149.3 1 0
gopr/repositories/resultsRepository.go:150.2,150.21 1 0
gopr/repositories/resultsRepository.go:153.51,160.16 3 0
gopr/repositories/resultsRepository.go:160.16,166.3 1 0
gopr/repositories/resultsRepository.go:167.2,169.18 3 0
gopr/repositories/resultsRepository.go:169.18,171.17 2 0
gopr/repositories/resultsRepository.go:171.17,177.4 1 0
gopr/repositories/resultsRepository.go:185.2,185.24 1 0
gopr/repositories/resultsRepository.go:189.25,195.16 3 0
gopr/repositories/resultsRepository.go:195.16,202.3 1 0
gopr/repositories/resultsRepository.go:203.2,205.18 3 0
gopr/repositories/resultsRepository.go:205.18,207.17 2 0
gopr/repositories/resultsRepository.go:207.17,213.4 1 0
gopr/repositories/resultsRepository.go:215.2,215.23 1 0
gopr/repositories/resultsRepository.go:215.23,221.3 1 0
gopr/repositories/resultsRepository.go:222.2,222.24 1 0
gopr/repositories/runnersRepository.go:15.65,19.2 1 0
gopr/repositories/runnersRepository.go:21.105,24.16 3 0
gopr/repositories/runnersRepository.go:24.16,29.3 1 0
gopr/repositories/runnersRepository.go:32.2,34.18 3 0
gopr/repositories/runnersRepository.go:34.18,36.17 2 0
gopr/repositories/runnersRepository.go:36.17,41.4 1 0
gopr/repositories/runnersRepository.go:44.2,44.23 1 0
gopr/repositories/runnersRepository.go:44.23,49.3 1 0
gopr/repositories/runnersRepository.go:51.2,58.8 1 0
gopr/repositories/runnersRepository.go:62.87,71.16 3 0
gopr/repositories/runnersRepository.go:71.16,76.3 1 0
gopr/repositories/runnersRepository.go:78.2,79.16 2 0
gopr/repositories/runnersRepository.go:79.16,84.3 1 0
gopr/repositories/runnersRepository.go:86.2,86.23 1 0
gopr/repositories/runnersRepository.go:86.23,91.3 1 0
gopr/repositories/runnersRepository.go:92.2,92.12 1 0
gopr/repositories/runnersRepository.go:95.94,97.2 1 0
gopr/repositories/runnersRepository.go:99.81,105.16 3 0
gopr/repositories/runnersRepository.go:105.16,110.3 1 0
gopr/repositories/runnersRepository.go:112.2,113.16 2 0
gopr/repositories/runnersRepository.go:113.16,118.3 1 0
gopr/repositories/runnersRepository.go:119.2,119.23 1 0
gopr/repositories/runnersRepository.go:119.23,124.3 1 0
gopr/repositories/runnersRepository.go:125.2,125.12 1 0
gopr/repositories/runnersRepository.go:128.96,135.16 3 0
gopr/repositories/runnersRepository.go:135.16,140.3 1 0
gopr/repositories/runnersRepository.go:141.2,146.18 6 0
gopr/repositories/runnersRepository.go:146.18,148.17 2 0
gopr/repositories/runnersRepository.go:148.17,153.4 1 0
gopr/repositories/runnersRepository.go:156.2,156.23 1 0
gopr/repositories/runnersRepository.go:156.23,161.3 1 0
gopr/repositories/runnersRepository.go:163.2,172.8 1 0
gopr/repositories/runnersRepository.go:175.87,178.16 3 0
gopr/repositories/runnersRepository.go:178.16,183.3 1 0
gopr/repositories/runnersRepository.go:185.2,193.18 7 0
gopr/repositories/runnersRepository.go:193.18,195.17 2 0
gopr/repositories/runnersRepository.go:195.17,200.4 1 0
gopr/repositories/runnersRepository.go:201.3,210.5 1 0
gopr/repositories/runnersRepository.go:213.2,213.23 1 0
gopr/repositories/runnersRepository.go:213.23,218.3 1 0
gopr/repositories/runnersRepository.go:220.2,220.21 1 0
gopr/repositories/runnersRepository.go:224.107,227.16 3 0
gopr/repositories/runnersRepository.go:227.16,232.3 1 0
gopr/repositories/runnersRepository.go:234.2,242.18 7 0
gopr/repositories/runnersRepository.go:242.18,244.17 2 0
gopr/repositories/runnersRepository.go:244.17,249.4 1 0
gopr/repositories/runnersRepository.go:250.3,259.5 1 0
gopr/repositories/runnersRepository.go:262.2,262.23 1 0
gopr/repositories/runnersRepository.go:262.23,267.3 1 0
gopr/repositories/runnersRepository.go:269.2,269.21 1 0
gopr/repositories/runnersRepository.go:272.98,288.16 3 0
gopr/repositories/runnersRepository.go:288.16,293.3 1 0
gopr/repositories/runnersRepository.go:295.2,303.18 7 0
gopr/repositories/runnersRepository.go:303.18,305.17 2 0
gopr/repositories/runnersRepository.go:305.17,310.4 1 0
gopr/repositories/runnersRepository.go:311.3,320.5 1 0
gopr/repositories/runnersRepository.go:323.2,323.23 1 0
gopr/repositories/runnersRepository.go:323.23,328.3 1 0
gopr/repositories/runnersRepository.go:330.2,330.21 1 0
gopr/repositories/transactionHandler.go:8.104,11.16 3 0
gopr/repositories/transactionHandler.go:11.16,13.3 1 0
gopr/repositories/transactionHandler.go:14.2,16.12 3 0
gopr/repositories/transactionHandler.go:19.106,24.5 4 0
gopr/repositories/transactionHandler.go:26.108,33.2 4 0
gopr/server/dbServer.go:11.48,17.28 6 0
gopr/server/dbServer.go:17.28,19.3 1 0
gopr/server/dbServer.go:20.2,21.16 2 0
gopr/server/dbServer.go:21.16,23.3 1 0
gopr/server/dbServer.go:24.2,25.16 2 0
gopr/server/dbServer.go:25.16,27.3 1 0
gopr/server/dbServer.go:29.2,30.16 2 0
gopr/server/dbServer.go:30.16,32.3 1 0
gopr/server/dbServer.go:34.2,35.16 2 0
gopr/server/dbServer.go:35.16,37.3 1 0
gopr/server/dbServer.go:39.2,44.16 5 0
gopr/server/dbServer.go:44.16,47.3 2 0
gopr/server/dbServer.go:48.2,48.18 1 0
gopr/server/httpServer.go:21.72,48.2 15 0
gopr/server/httpServer.go:51.30,54.16 2 0
gopr/server/httpServer.go:54.16,56.3 1 0
gopr/services/resultsServices.go:18.69,23.2 1 0
gopr/services/resultsServices.go:25.102,26.27 1 0
gopr/services/resultsServices.go:26.27,31.3 1 0
gopr/services/resultsServices.go:32.2,32.29 1 0
gopr/services/resultsServices.go:32.29,37.3 1 0
gopr/services/resultsServices.go:38.2,38.27 1 0
gopr/services/resultsServices.go:38.27,43.3 1 0
gopr/services/resultsServices.go:44.2,44.25 1 0
gopr/services/resultsServices.go:44.25,49.3 1 0
gopr/services/resultsServices.go:50.2,50.22 1 0
gopr/services/resultsServices.go:50.22,55.3 1 0
gopr/services/resultsServices.go:56.2,56.56 1 0
gopr/services/resultsServices.go:56.56,61.3 1 0
gopr/services/resultsServices.go:63.2,64.16 2 0
gopr/services/resultsServices.go:64.16,69.3 1 0
gopr/services/resultsServices.go:71.2,72.26 2 0
gopr/services/resultsServices.go:72.26,74.3 1 0
gopr/services/resultsServices.go:76.2,77.26 2 0
gopr/services/resultsServices.go:77.26,79.3 1 0
gopr/services/resultsServices.go:80.2,80.19 1 0
gopr/services/resultsServices.go:80.19,85.3 1 0
gopr/services/resultsServices.go:88.2,88.31 1 0
gopr/services/resultsServices.go:88.31,90.3 1 0
gopr/services/resultsServices.go:90.8,92.17 2 0
gopr/services/resultsServices.go:92.17,97.4 1 0
gopr/services/resultsServices.go:98.3,98.32 1 0
gopr/services/resultsServices.go:98.32,100.4 1 0
gopr/services/resultsServices.go:104.2,104.29 1 0
gopr/services/resultsServices.go:104.29,106.3 1 0
gopr/services/resultsServices.go:106.8,108.17 2 0
gopr/services/resultsServices.go:108.17,113.4 1 0
gopr/services/resultsServices.go:114.3,114.30 1 0
gopr/services/resultsServices.go:114.30,116.4 1 0
gopr/services/resultsServices.go:119.2,120.16 2 0
gopr/services/resultsServices.go:120.16,122.3 1 0
gopr/services/resultsServices.go:123.2,123.22 1 0
gopr/services/resultsServices.go:126.78,127.20 1 0
gopr/services/resultsServices.go:127.20,132.3 1 0
gopr/services/resultsServices.go:134.2,135.16 2 0
gopr/services/resultsServices.go:135.16,140.3 1 0
gopr/services/resultsServices.go:142.2,143.24 2 0
gopr/services/resultsServices.go:143.24,145.3 1 0
gopr/services/resultsServices.go:147.2,148.24 2 0
gopr/services/resultsServices.go:148.24,151.3 2 0
gopr/services/resultsServices.go:153.2,153.46 1 0
gopr/services/resultsServices.go:153.46,155.25 2 0
gopr/services/resultsServices.go:155.25,158.4 2 0
gopr/services/resultsServices.go:159.3,159.37 1 0
gopr/services/resultsServices.go:162.2,162.80 1 0
gopr/services/resultsServices.go:162.80,164.25 2 0
gopr/services/resultsServices.go:164.25,167.4 2 0
gopr/services/resultsServices.go:168.3,168.33 1 0
gopr/services/resultsServices.go:171.2,172.24 2 0
gopr/services/resultsServices.go:172.24,175.3 2 0
gopr/services/resultsServices.go:176.2,177.12 2 0
gopr/services/resultsServices.go:181.64,183.2 1 0
gopr/services/runnersService.go:21.69,26.2 1 0
gopr/services/runnersService.go:28.102,30.24 2 0
gopr/services/runnersService.go:30.24,33.3 1 0
gopr/services/runnersService.go:34.2,34.50 1 0
gopr/services/runnersService.go:37.84,39.24 2 0
gopr/services/runnersService.go:39.24,41.3 1 0
gopr/services/runnersService.go:42.2,43.24 2 0
gopr/services/runnersService.go:43.24,45.3 1 0
gopr/services/runnersService.go:46.2,46.50 1 0
gopr/services/runnersService.go:49.78,51.24 2 0
gopr/services/runnersService.go:51.24,53.3 1 0
gopr/services/runnersService.go:54.2,54.52 1 0
gopr/services/runnersService.go:57.93,59.24 2 0
gopr/services/runnersService.go:59.24,61.3 1 0
gopr/services/runnersService.go:62.2,63.24 2 0
gopr/services/runnersService.go:63.24,65.3 1 0
gopr/services/runnersService.go:66.2,67.24 2 0
gopr/services/runnersService.go:67.24,69.3 1 0
gopr/services/runnersService.go:70.2,71.20 2 0
gopr/services/runnersService.go:75.113,76.33 1 0
gopr/services/runnersService.go:76.33,82.3 1 0
gopr/services/runnersService.go:83.2,83.19 1 0
gopr/services/runnersService.go:83.19,85.3 1 0
gopr/services/runnersService.go:86.2,86.16 1 0
gopr/services/runnersService.go:86.16,88.17 2 0
gopr/services/runnersService.go:88.17,93.4 1 0
gopr/services/runnersService.go:95.3,95.49 1 0
gopr/services/runnersService.go:95.49,100.4 1 0
gopr/services/runnersService.go:102.3,102.56 1 0
gopr/services/runnersService.go:104.2,104.45 1 0
gopr/services/runnersService.go:107.66,108.28 1 1
gopr/services/runnersService.go:108.28,113.3 1 1
gopr/services/runnersService.go:115.2,115.27 1 1
gopr/services/runnersService.go:115.27,120.3 1 1
gopr/services/runnersService.go:122.2,122.41 1 1
gopr/services/runnersService.go:122.41,127.3 1 1
gopr/services/runnersService.go:128.2,128.12 1 1
gopr/services/runnersService.go:131.62,132.20 1 0
gopr/services/runnersService.go:132.20,137.3 1 0
gopr/services/runnersService.go:138.2,138.12 1 0
